#
# A fatal error has been detected by the Java Runtime Environment:
#
#  Internal Error (c:/BuildAgent/work/5ff2f6c26000d570/src/hotspot/share/oops/generateOopMap.cpp:2164), pid=8928, tid=5484
#  fatal error: Illegal class file encountered. Try running with -Xverify:all in method materialLoss
#
# JRE version: OpenJDK Runtime Environment (11.0.4+10) (build 11.0.4+10-b304.69)
# Java VM: OpenJDK 64-Bit Server VM (11.0.4+10-b304.69, mixed mode, sharing, tiered, compressed oops, g1 gc, windows-amd64)
# No core dump will be written. Minidumps are not enabled by default on client versions of Windows
#
# If you would like to submit a bug report, please visit:
#   http://bugreport.java.com/bugreport/crash.jsp
#

---------------  S U M M A R Y ------------

Command Line: -agentlib:jdwp=transport=dt_socket,address=127.0.0.1:58419,suspend=y,server=n -ea -Didea.test.cyclic.buffer.size=1048576 -javaagent:C:\Users\DNY-029\.IntelliJIdea2019.2\system\captureAgent\debugger-agent.jar -Dfile.encoding=UTF-8 com.intellij.rt.execution.junit.JUnitStarter -ideVersion5 -junit4 com.smartindustry.outbound.controller.PickManageControllerTest,materialLoss

Host: Intel(R) Core(TM) i7-9700F CPU @ 3.00GHz, 8 cores, 15G,  Windows 10 , 64 bit Build 17763 (10.0.17763.1158)
Time: Fri Jul 24 10:34:12 2020 ?D1¨²¡À¨º¡Á?¨º¡À?? elapsed time: 90290 seconds (1d 1h 4m 50s)

---------------  T H R E A D  ---------------

Current thread (0x000002037bee7800):  VMThread "VM Thread" [stack: 0x000000ee6a100000,0x000000ee6a200000] [id=5484]

Stack: [0x000000ee6a100000,0x000000ee6a200000]
[error occurred during error reporting (printing stack bounds), id 0xc0000005, EXCEPTION_ACCESS_VIOLATION (0xc0000005) at pc=0x0000020360220bad]

Native frames: (J=compiled Java code, j=interpreted, Vv=VM code, C=native code)
V  [jvm.dll+0x5db31a]
V  [jvm.dll+0x70c395]
V  [jvm.dll+0x70d8b8]
V  [jvm.dll+0x70dee5]
V  [jvm.dll+0x70de9b]
V  [jvm.dll+0x5daa98]
V  [jvm.dll+0x5daf08]
C  [ntdll.dll+0xa479f]
C  [ntdll.dll+0x4bef]
C  [ntdll.dll+0xa350e]
C  0x0000020360220bad

VM_Operation (0x000000ee6aafeec0): GetOrSetLocal, mode: safepoint, requested by thread 0x000002037cb0b800


---------------  P R O C E S S  ---------------

Threads class SMR info:
_java_thread_list=0x000002037e88b8a0, length=17, elements={
0x000002035c362800, 0x000002037beec000, 0x000002037beee000, 0x000002037bf0e000,
0x000002037c793800, 0x000002037c795800, 0x000002037c79a800, 0x000002037c79f000,
0x000002037ca67800, 0x000002037cb0b800, 0x000002037cb0e800, 0x000002037cabb000,
0x000002037ce09000, 0x00000203044f8000, 0x00000203045cb000, 0x0000020304917000,
0x000002030490e000
}

Java Threads: ( => current thread )
  0x000002035c362800 JavaThread "main" [_thread_blocked, id=26684, stack(0x000000ee69b00000,0x000000ee69c00000)]
  0x000002037beec000 JavaThread "Reference Handler" daemon [_thread_blocked, id=26632, stack(0x000000ee6a200000,0x000000ee6a300000)]
  0x000002037beee000 JavaThread "Finalizer" daemon [_thread_blocked, id=15192, stack(0x000000ee6a300000,0x000000ee6a400000)]
  0x000002037bf0e000 JavaThread "Signal Dispatcher" daemon [_thread_blocked, id=11312, stack(0x000000ee6a400000,0x000000ee6a500000)]
  0x000002037c793800 JavaThread "Attach Listener" daemon [_thread_blocked, id=21492, stack(0x000000ee6a500000,0x000000ee6a600000)]
  0x000002037c795800 JavaThread "C2 CompilerThread0" daemon [_thread_blocked, id=18584, stack(0x000000ee6a600000,0x000000ee6a700000)]
  0x000002037c79a800 JavaThread "C1 CompilerThread0" daemon [_thread_blocked, id=1524, stack(0x000000ee6a700000,0x000000ee6a800000)]
  0x000002037c79f000 JavaThread "Sweeper thread" daemon [_thread_blocked, id=13792, stack(0x000000ee6a800000,0x000000ee6a900000)]
  0x000002037ca67800 JavaThread "Common-Cleaner" daemon [_thread_blocked, id=18392, stack(0x000000ee6a900000,0x000000ee6aa00000)]
  0x000002037cb0b800 JavaThread "JDWP Transport Listener: dt_socket" daemon [_thread_blocked, id=19328, stack(0x000000ee6aa00000,0x000000ee6ab00000)] _threads_hazard_ptr=0x000002037e88b8a0
  0x000002037cb0e800 JavaThread "JDWP Event Helper Thread" daemon [_thread_blocked, id=27064, stack(0x000000ee6ab00000,0x000000ee6ac00000)]
  0x000002037cabb000 JavaThread "JDWP Command Reader" daemon [_thread_in_native, id=26092, stack(0x000000ee6ac00000,0x000000ee6ad00000)]
  0x000002037ce09000 JavaThread "Service Thread" daemon [_thread_blocked, id=18688, stack(0x000000ee6ae00000,0x000000ee6af00000)]
  0x00000203044f8000 JavaThread "spring.cloud.inetutils" daemon [_thread_blocked, id=20668, stack(0x000000ee6b700000,0x000000ee6b800000)]
  0x00000203045cb000 JavaThread "mysql-cj-abandoned-connection-cleanup" daemon [_thread_blocked, id=23500, stack(0x000000ee6b800000,0x000000ee6b900000)]
  0x0000020304917000 JavaThread "HikariPool-1 housekeeper" daemon [_thread_blocked, id=18380, stack(0x000000ee6ad00000,0x000000ee6ae00000)]
  0x000002030490e000 JavaThread "HikariPool-1 connection adder" daemon [_thread_blocked, id=5280, stack(0x000000ee6bb00000,0x000000ee6bc00000)]

Other Threads:
=>0x000002037bee7800 VMThread "VM Thread" [stack: 0x000000ee6a100000,0x000000ee6a200000] [id=5484]
  0x000002037caa0800 WatcherThread [stack: 0x000000ee6af00000,0x000000ee6b000000] [id=16568]
  0x000002035c37a800 GCTaskThread "GC Thread#0" [stack: 0x000000ee69c00000,0x000000ee69d00000] [id=26084]
  0x000002037da1f000 GCTaskThread "GC Thread#1" [stack: 0x000000ee6b000000,0x000000ee6b100000] [id=8704]
  0x000002037da1f800 GCTaskThread "GC Thread#2" [stack: 0x000000ee6b100000,0x000000ee6b200000] [id=15924]
  0x000002037da20800 GCTaskThread "GC Thread#3" [stack: 0x000000ee6b200000,0x000000ee6b300000] [id=5700]
  0x000002037da21000 GCTaskThread "GC Thread#4" [stack: 0x000000ee6b300000,0x000000ee6b400000] [id=19380]
  0x000002037da65000 GCTaskThread "GC Thread#5" [stack: 0x000000ee6b400000,0x000000ee6b500000] [id=13624]
  0x000002037cce4800 GCTaskThread "GC Thread#6" [stack: 0x000000ee6b900000,0x000000ee6ba00000] [id=5008]
  0x000002035c3d4000 ConcurrentGCThread "G1 Main Marker" [stack: 0x000000ee69d00000,0x000000ee69e00000] [id=3308]
  0x000002035c3d6800 ConcurrentGCThread "G1 Conc#0" [stack: 0x000000ee69e00000,0x000000ee69f00000] [id=1808]
  0x000002037db61800 ConcurrentGCThread "G1 Conc#1" [stack: 0x000000ee6b500000,0x000000ee6b600000] [id=15152]
  0x000002037bdfc800 ConcurrentGCThread "G1 Refine#0" [stack: 0x000000ee69f00000,0x000000ee6a000000] [id=1376]
  0x000002037bdfd800 ConcurrentGCThread "G1 Young RemSet Sampling" [stack: 0x000000ee6a000000,0x000000ee6a100000] [id=6268]

Threads with active compile tasks:

VM state:at safepoint (normal execution)

VM Mutex/Monitor currently owned by a thread:  ([mutex/lock_event])
[0x000002035c361270] Threads_lock - owner thread: 0x000002037bee7800

Heap address: 0x0000000702000000, size: 4064 MB, Compressed Oops mode: Zero based, Oop shift amount: 3
Narrow klass base: 0x0000000800000000, Narrow klass shift: 3
Compressed class space size: 1073741824 Address: 0x0000000840000000

Heap:
 garbage-first heap   total 312320K, used 100620K [0x0000000702000000, 0x0000000800000000)
  region size 1024K, 78 young (79872K), 15 survivors (15360K)
 Metaspace       used 65273K, capacity 66717K, committed 66892K, reserved 1107968K
  class space    used 8204K, capacity 8763K, committed 8780K, reserved 1048576K
Heap Regions: E=young(eden), S=young(survivor), O=old, HS=humongous(starts), HC=humongous(continues), CS=collection set, F=free, A=archive, TAMS=top-at-mark-start (previous, next)
|   0|0x0000000702000000, 0x0000000702100000, 0x0000000702100000|100%|HS|  |TAMS 0x0000000702100000, 0x0000000702000000| Complete 
|   1|0x0000000702100000, 0x0000000702200000, 0x0000000702200000|100%| O|  |TAMS 0x0000000702200000, 0x0000000702100000| Untracked 
|   2|0x0000000702200000, 0x0000000702300000, 0x0000000702300000|100%| O|  |TAMS 0x0000000702300000, 0x0000000702200000| Untracked 
|   3|0x0000000702300000, 0x0000000702400000, 0x0000000702400000|100%| O|  |TAMS 0x0000000702400000, 0x0000000702300000| Untracked 
|   4|0x0000000702400000, 0x0000000702500000, 0x0000000702500000|100%| O|  |TAMS 0x0000000702500000, 0x0000000702400000| Untracked 
|   5|0x0000000702500000, 0x0000000702600000, 0x0000000702600000|100%| O|  |TAMS 0x0000000702600000, 0x0000000702500000| Untracked 
|   6|0x0000000702600000, 0x0000000702700000, 0x0000000702700000|100%| O|  |TAMS 0x0000000702700000, 0x0000000702600000| Untracked 
|   7|0x0000000702700000, 0x0000000702800000, 0x0000000702800000|100%| O|  |TAMS 0x0000000702800000, 0x0000000702700000| Untracked 
|   8|0x0000000702800000, 0x0000000702900000, 0x0000000702900000|100%| O|  |TAMS 0x0000000702900000, 0x0000000702800000| Untracked 
|   9|0x0000000702900000, 0x0000000702a00000, 0x0000000702a00000|100%| O|  |TAMS 0x0000000702a00000, 0x0000000702900000| Untracked 
|  10|0x0000000702a00000, 0x0000000702b00000, 0x0000000702b00000|100%| O|  |TAMS 0x0000000702b00000, 0x0000000702a00000| Untracked 
|  11|0x0000000702b00000, 0x0000000702c00000, 0x0000000702c00000|100%| O|  |TAMS 0x0000000702c00000, 0x0000000702b00000| Untracked 
|  12|0x0000000702c00000, 0x0000000702d00000, 0x0000000702d00000|100%| O|  |TAMS 0x0000000702d00000, 0x0000000702c00000| Untracked 
|  13|0x0000000702d00000, 0x0000000702e00000, 0x0000000702e00000|100%| O|  |TAMS 0x0000000702e00000, 0x0000000702d00000| Untracked 
|  14|0x0000000702e00000, 0x0000000702f00000, 0x0000000702f00000|100%| O|  |TAMS 0x0000000702f00000, 0x0000000702e00000| Untracked 
|  15|0x0000000702f00000, 0x0000000703000000, 0x0000000703000000|100%| O|  |TAMS 0x0000000703000000, 0x0000000702f00000| Untracked 
|  16|0x0000000703000000, 0x0000000703100000, 0x0000000703100000|100%| O|  |TAMS 0x0000000703100000, 0x0000000703000000| Untracked 
|  17|0x0000000703100000, 0x0000000703200000, 0x0000000703200000|100%| O|  |TAMS 0x0000000703200000, 0x0000000703100000| Untracked 
|  18|0x0000000703200000, 0x0000000703300000, 0x0000000703300000|100%| O|  |TAMS 0x0000000703300000, 0x0000000703200000| Untracked 
|  19|0x0000000703300000, 0x0000000703400000, 0x0000000703400000|100%| O|  |TAMS 0x0000000703400000, 0x0000000703300000| Untracked 
|  20|0x0000000703400000, 0x0000000703500000, 0x0000000703500000|100%| O|  |TAMS 0x0000000703500000, 0x0000000703400000| Untracked 
|  21|0x0000000703500000, 0x0000000703600000, 0x0000000703600000|100%| O|  |TAMS 0x0000000703600000, 0x0000000703500000| Untracked 
|  22|0x0000000703600000, 0x000000070364ce00, 0x0000000703700000| 30%| O|  |TAMS 0x000000070364ce00, 0x0000000703600000| Untracked 
|  23|0x0000000703700000, 0x0000000703700000, 0x0000000703800000|  0%| F|  |TAMS 0x0000000703700000, 0x0000000703700000| Untracked 
|  24|0x0000000703800000, 0x0000000703800000, 0x0000000703900000|  0%| F|  |TAMS 0x0000000703800000, 0x0000000703800000| Untracked 
|  25|0x0000000703900000, 0x0000000703900000, 0x0000000703a00000|  0%| F|  |TAMS 0x0000000703900000, 0x0000000703900000| Untracked 
|  26|0x0000000703a00000, 0x0000000703a00000, 0x0000000703b00000|  0%| F|  |TAMS 0x0000000703a00000, 0x0000000703a00000| Untracked 
|  27|0x0000000703b00000, 0x0000000703b00000, 0x0000000703c00000|  0%| F|  |TAMS 0x0000000703b00000, 0x0000000703b00000| Untracked 
|  28|0x0000000703c00000, 0x0000000703c00000, 0x0000000703d00000|  0%| F|  |TAMS 0x0000000703c00000, 0x0000000703c00000| Untracked 
|  29|0x0000000703d00000, 0x0000000703d00000, 0x0000000703e00000|  0%| F|  |TAMS 0x0000000703d00000, 0x0000000703d00000| Untracked 
|  30|0x0000000703e00000, 0x0000000703e00000, 0x0000000703f00000|  0%| F|  |TAMS 0x0000000703e00000, 0x0000000703e00000| Untracked 
|  31|0x0000000703f00000, 0x0000000703f00000, 0x0000000704000000|  0%| F|  |TAMS 0x0000000703f00000, 0x0000000703f00000| Untracked 
|  32|0x0000000704000000, 0x0000000704000000, 0x0000000704100000|  0%| F|  |TAMS 0x0000000704000000, 0x0000000704000000| Untracked 
|  33|0x0000000704100000, 0x0000000704100000, 0x0000000704200000|  0%| F|  |TAMS 0x0000000704100000, 0x0000000704100000| Untracked 
|  34|0x0000000704200000, 0x0000000704200000, 0x0000000704300000|  0%| F|  |TAMS 0x0000000704200000, 0x0000000704200000| Untracked 
|  35|0x0000000704300000, 0x0000000704300000, 0x0000000704400000|  0%| F|  |TAMS 0x0000000704300000, 0x0000000704300000| Untracked 
|  36|0x0000000704400000, 0x0000000704400000, 0x0000000704500000|  0%| F|  |TAMS 0x0000000704400000, 0x0000000704400000| Untracked 
|  37|0x0000000704500000, 0x0000000704500000, 0x0000000704600000|  0%| F|  |TAMS 0x0000000704500000, 0x0000000704500000| Untracked 
|  38|0x0000000704600000, 0x0000000704600000, 0x0000000704700000|  0%| F|  |TAMS 0x0000000704600000, 0x0000000704600000| Untracked 
|  39|0x0000000704700000, 0x0000000704700000, 0x0000000704800000|  0%| F|  |TAMS 0x0000000704700000, 0x0000000704700000| Untracked 
|  40|0x0000000704800000, 0x0000000704800000, 0x0000000704900000|  0%| F|  |TAMS 0x0000000704800000, 0x0000000704800000| Untracked 
|  41|0x0000000704900000, 0x0000000704900000, 0x0000000704a00000|  0%| F|  |TAMS 0x0000000704900000, 0x0000000704900000| Untracked 
|  42|0x0000000704a00000, 0x0000000704a00000, 0x0000000704b00000|  0%| F|  |TAMS 0x0000000704a00000, 0x0000000704a00000| Untracked 
|  43|0x0000000704b00000, 0x0000000704b00000, 0x0000000704c00000|  0%| F|  |TAMS 0x0000000704b00000, 0x0000000704b00000| Untracked 
|  44|0x0000000704c00000, 0x0000000704c00000, 0x0000000704d00000|  0%| F|  |TAMS 0x0000000704c00000, 0x0000000704c00000| Untracked 
|  45|0x0000000704d00000, 0x0000000704d00000, 0x0000000704e00000|  0%| F|  |TAMS 0x0000000704d00000, 0x0000000704d00000| Untracked 
|  46|0x0000000704e00000, 0x0000000704e00000, 0x0000000704f00000|  0%| F|  |TAMS 0x0000000704e00000, 0x0000000704e00000| Untracked 
|  47|0x0000000704f00000, 0x0000000704f00000, 0x0000000705000000|  0%| F|  |TAMS 0x0000000704f00000, 0x0000000704f00000| Untracked 
|  48|0x0000000705000000, 0x0000000705000000, 0x0000000705100000|  0%| F|  |TAMS 0x0000000705000000, 0x0000000705000000| Untracked 
|  49|0x0000000705100000, 0x0000000705100000, 0x0000000705200000|  0%| F|  |TAMS 0x0000000705100000, 0x0000000705100000| Untracked 
|  50|0x0000000705200000, 0x0000000705200000, 0x0000000705300000|  0%| F|  |TAMS 0x0000000705200000, 0x0000000705200000| Untracked 
|  51|0x0000000705300000, 0x0000000705300000, 0x0000000705400000|  0%| F|  |TAMS 0x0000000705300000, 0x0000000705300000| Untracked 
|  52|0x0000000705400000, 0x0000000705400000, 0x0000000705500000|  0%| F|  |TAMS 0x0000000705400000, 0x0000000705400000| Untracked 
|  53|0x0000000705500000, 0x0000000705500000, 0x0000000705600000|  0%| F|  |TAMS 0x0000000705500000, 0x0000000705500000| Untracked 
|  54|0x0000000705600000, 0x0000000705600000, 0x0000000705700000|  0%| F|  |TAMS 0x0000000705600000, 0x0000000705600000| Untracked 
|  55|0x0000000705700000, 0x0000000705700000, 0x0000000705800000|  0%| F|  |TAMS 0x0000000705700000, 0x0000000705700000| Untracked 
|  56|0x0000000705800000, 0x0000000705800000, 0x0000000705900000|  0%| F|  |TAMS 0x0000000705800000, 0x0000000705800000| Untracked 
|  57|0x0000000705900000, 0x0000000705900000, 0x0000000705a00000|  0%| F|  |TAMS 0x0000000705900000, 0x0000000705900000| Untracked 
|  58|0x0000000705a00000, 0x0000000705a00000, 0x0000000705b00000|  0%| F|  |TAMS 0x0000000705a00000, 0x0000000705a00000| Untracked 
|  59|0x0000000705b00000, 0x0000000705b00000, 0x0000000705c00000|  0%| F|  |TAMS 0x0000000705b00000, 0x0000000705b00000| Untracked 
|  60|0x0000000705c00000, 0x0000000705c00000, 0x0000000705d00000|  0%| F|  |TAMS 0x0000000705c00000, 0x0000000705c00000| Untracked 
|  61|0x0000000705d00000, 0x0000000705d00000, 0x0000000705e00000|  0%| F|  |TAMS 0x0000000705d00000, 0x0000000705d00000| Untracked 
|  62|0x0000000705e00000, 0x0000000705e00000, 0x0000000705f00000|  0%| F|  |TAMS 0x0000000705e00000, 0x0000000705e00000| Untracked 
|  63|0x0000000705f00000, 0x0000000705f00000, 0x0000000706000000|  0%| F|  |TAMS 0x0000000705f00000, 0x0000000705f00000| Untracked 
|  64|0x0000000706000000, 0x0000000706000000, 0x0000000706100000|  0%| F|  |TAMS 0x0000000706000000, 0x0000000706000000| Untracked 
|  65|0x0000000706100000, 0x0000000706100000, 0x0000000706200000|  0%| F|  |TAMS 0x0000000706100000, 0x0000000706100000| Untracked 
|  66|0x0000000706200000, 0x0000000706200000, 0x0000000706300000|  0%| F|  |TAMS 0x0000000706200000, 0x0000000706200000| Untracked 
|  67|0x0000000706300000, 0x0000000706300000, 0x0000000706400000|  0%| F|  |TAMS 0x0000000706300000, 0x0000000706300000| Untracked 
|  68|0x0000000706400000, 0x0000000706400000, 0x0000000706500000|  0%| F|  |TAMS 0x0000000706400000, 0x0000000706400000| Untracked 
|  69|0x0000000706500000, 0x0000000706500000, 0x0000000706600000|  0%| F|  |TAMS 0x0000000706500000, 0x0000000706500000| Untracked 
|  70|0x0000000706600000, 0x0000000706600000, 0x0000000706700000|  0%| F|  |TAMS 0x0000000706600000, 0x0000000706600000| Untracked 
|  71|0x0000000706700000, 0x0000000706700000, 0x0000000706800000|  0%| F|  |TAMS 0x0000000706700000, 0x0000000706700000| Untracked 
|  72|0x0000000706800000, 0x0000000706800000, 0x0000000706900000|  0%| F|  |TAMS 0x0000000706800000, 0x0000000706800000| Untracked 
|  73|0x0000000706900000, 0x0000000706900000, 0x0000000706a00000|  0%| F|  |TAMS 0x0000000706900000, 0x0000000706900000| Untracked 
|  74|0x0000000706a00000, 0x0000000706a00000, 0x0000000706b00000|  0%| F|  |TAMS 0x0000000706a00000, 0x0000000706a00000| Untracked 
|  75|0x0000000706b00000, 0x0000000706b00000, 0x0000000706c00000|  0%| F|  |TAMS 0x0000000706b00000, 0x0000000706b00000| Untracked 
|  76|0x0000000706c00000, 0x0000000706c00000, 0x0000000706d00000|  0%| F|  |TAMS 0x0000000706c00000, 0x0000000706c00000| Untracked 
|  77|0x0000000706d00000, 0x0000000706d00000, 0x0000000706e00000|  0%| F|  |TAMS 0x0000000706d00000, 0x0000000706d00000| Untracked 
|  78|0x0000000706e00000, 0x0000000706e00000, 0x0000000706f00000|  0%| F|  |TAMS 0x0000000706e00000, 0x0000000706e00000| Untracked 
|  79|0x0000000706f00000, 0x0000000706f00000, 0x0000000707000000|  0%| F|  |TAMS 0x0000000706f00000, 0x0000000706f00000| Untracked 
|  80|0x0000000707000000, 0x0000000707000000, 0x0000000707100000|  0%| F|  |TAMS 0x0000000707000000, 0x0000000707000000| Untracked 
|  81|0x0000000707100000, 0x0000000707100000, 0x0000000707200000|  0%| F|  |TAMS 0x0000000707100000, 0x0000000707100000| Untracked 
|  82|0x0000000707200000, 0x0000000707200000, 0x0000000707300000|  0%| F|  |TAMS 0x0000000707200000, 0x0000000707200000| Untracked 
|  83|0x0000000707300000, 0x0000000707300000, 0x0000000707400000|  0%| F|  |TAMS 0x0000000707300000, 0x0000000707300000| Untracked 
|  84|0x0000000707400000, 0x0000000707400000, 0x0000000707500000|  0%| F|  |TAMS 0x0000000707400000, 0x0000000707400000| Untracked 
|  85|0x0000000707500000, 0x0000000707500000, 0x0000000707600000|  0%| F|  |TAMS 0x0000000707500000, 0x0000000707500000| Untracked 
|  86|0x0000000707600000, 0x0000000707600000, 0x0000000707700000|  0%| F|  |TAMS 0x0000000707600000, 0x0000000707600000| Untracked 
|  87|0x0000000707700000, 0x0000000707700000, 0x0000000707800000|  0%| F|  |TAMS 0x0000000707700000, 0x0000000707700000| Untracked 
|  88|0x0000000707800000, 0x0000000707800000, 0x0000000707900000|  0%| F|  |TAMS 0x0000000707800000, 0x0000000707800000| Untracked 
|  89|0x0000000707900000, 0x0000000707900000, 0x0000000707a00000|  0%| F|  |TAMS 0x0000000707900000, 0x0000000707900000| Untracked 
|  90|0x0000000707a00000, 0x0000000707a00000, 0x0000000707b00000|  0%| F|  |TAMS 0x0000000707a00000, 0x0000000707a00000| Untracked 
|  91|0x0000000707b00000, 0x0000000707b00000, 0x0000000707c00000|  0%| F|  |TAMS 0x0000000707b00000, 0x0000000707b00000| Untracked 
|  92|0x0000000707c00000, 0x0000000707c00000, 0x0000000707d00000|  0%| F|  |TAMS 0x0000000707c00000, 0x0000000707c00000| Untracked 
|  93|0x0000000707d00000, 0x0000000707d00000, 0x0000000707e00000|  0%| F|  |TAMS 0x0000000707d00000, 0x0000000707d00000| Untracked 
|  94|0x0000000707e00000, 0x0000000707e00000, 0x0000000707f00000|  0%| F|  |TAMS 0x0000000707e00000, 0x0000000707e00000| Untracked 
|  95|0x0000000707f00000, 0x0000000707f00000, 0x0000000708000000|  0%| F|  |TAMS 0x0000000707f00000, 0x0000000707f00000| Untracked 
|  96|0x0000000708000000, 0x0000000708000000, 0x0000000708100000|  0%| F|  |TAMS 0x0000000708000000, 0x0000000708000000| Untracked 
|  97|0x0000000708100000, 0x0000000708100000, 0x0000000708200000|  0%| F|  |TAMS 0x0000000708100000, 0x0000000708100000| Untracked 
|  98|0x0000000708200000, 0x0000000708200000, 0x0000000708300000|  0%| F|  |TAMS 0x0000000708200000, 0x0000000708200000| Untracked 
|  99|0x0000000708300000, 0x0000000708300000, 0x0000000708400000|  0%| F|  |TAMS 0x0000000708300000, 0x0000000708300000| Untracked 
| 100|0x0000000708400000, 0x0000000708400000, 0x0000000708500000|  0%| F|  |TAMS 0x0000000708400000, 0x0000000708400000| Untracked 
| 101|0x0000000708500000, 0x0000000708500000, 0x0000000708600000|  0%| F|  |TAMS 0x0000000708500000, 0x0000000708500000| Untracked 
| 102|0x0000000708600000, 0x0000000708600000, 0x0000000708700000|  0%| F|  |TAMS 0x0000000708600000, 0x0000000708600000| Untracked 
| 103|0x0000000708700000, 0x0000000708700000, 0x0000000708800000|  0%| F|  |TAMS 0x0000000708700000, 0x0000000708700000| Untracked 
| 104|0x0000000708800000, 0x0000000708800000, 0x0000000708900000|  0%| F|  |TAMS 0x0000000708800000, 0x0000000708800000| Untracked 
| 105|0x0000000708900000, 0x0000000708900000, 0x0000000708a00000|  0%| F|  |TAMS 0x0000000708900000, 0x0000000708900000| Untracked 
| 106|0x0000000708a00000, 0x0000000708a00000, 0x0000000708b00000|  0%| F|  |TAMS 0x0000000708a00000, 0x0000000708a00000| Untracked 
| 107|0x0000000708b00000, 0x0000000708b00000, 0x0000000708c00000|  0%| F|  |TAMS 0x0000000708b00000, 0x0000000708b00000| Untracked 
| 108|0x0000000708c00000, 0x0000000708c00000, 0x0000000708d00000|  0%| F|  |TAMS 0x0000000708c00000, 0x0000000708c00000| Untracked 
| 109|0x0000000708d00000, 0x0000000708d00000, 0x0000000708e00000|  0%| F|  |TAMS 0x0000000708d00000, 0x0000000708d00000| Untracked 
| 110|0x0000000708e00000, 0x0000000708e00000, 0x0000000708f00000|  0%| F|  |TAMS 0x0000000708e00000, 0x0000000708e00000| Untracked 
| 111|0x0000000708f00000, 0x0000000708f00000, 0x0000000709000000|  0%| F|  |TAMS 0x0000000708f00000, 0x0000000708f00000| Untracked 
| 112|0x0000000709000000, 0x0000000709000000, 0x0000000709100000|  0%| F|  |TAMS 0x0000000709000000, 0x0000000709000000| Untracked 
| 113|0x0000000709100000, 0x0000000709100000, 0x0000000709200000|  0%| F|  |TAMS 0x0000000709100000, 0x0000000709100000| Untracked 
| 114|0x0000000709200000, 0x0000000709200000, 0x0000000709300000|  0%| F|  |TAMS 0x0000000709200000, 0x0000000709200000| Untracked 
| 115|0x0000000709300000, 0x0000000709300000, 0x0000000709400000|  0%| F|  |TAMS 0x0000000709300000, 0x0000000709300000| Untracked 
| 116|0x0000000709400000, 0x0000000709400000, 0x0000000709500000|  0%| F|  |TAMS 0x0000000709400000, 0x0000000709400000| Untracked 
| 117|0x0000000709500000, 0x0000000709500000, 0x0000000709600000|  0%| F|  |TAMS 0x0000000709500000, 0x0000000709500000| Untracked 
| 118|0x0000000709600000, 0x0000000709600000, 0x0000000709700000|  0%| F|  |TAMS 0x0000000709600000, 0x0000000709600000| Untracked 
| 119|0x0000000709700000, 0x0000000709700000, 0x0000000709800000|  0%| F|  |TAMS 0x0000000709700000, 0x0000000709700000| Untracked 
| 120|0x0000000709800000, 0x0000000709800000, 0x0000000709900000|  0%| F|  |TAMS 0x0000000709800000, 0x0000000709800000| Untracked 
| 121|0x0000000709900000, 0x0000000709900000, 0x0000000709a00000|  0%| F|  |TAMS 0x0000000709900000, 0x0000000709900000| Untracked 
| 122|0x0000000709a00000, 0x0000000709a00000, 0x0000000709b00000|  0%| F|  |TAMS 0x0000000709a00000, 0x0000000709a00000| Untracked 
| 123|0x0000000709b00000, 0x0000000709b00000, 0x0000000709c00000|  0%| F|  |TAMS 0x0000000709b00000, 0x0000000709b00000| Untracked 
| 124|0x0000000709c00000, 0x0000000709c00000, 0x0000000709d00000|  0%| F|  |TAMS 0x0000000709c00000, 0x0000000709c00000| Untracked 
| 125|0x0000000709d00000, 0x0000000709d00000, 0x0000000709e00000|  0%| F|  |TAMS 0x0000000709d00000, 0x0000000709d00000| Untracked 
| 126|0x0000000709e00000, 0x0000000709e00000, 0x0000000709f00000|  0%| F|  |TAMS 0x0000000709e00000, 0x0000000709e00000| Untracked 
| 127|0x0000000709f00000, 0x0000000709f00000, 0x000000070a000000|  0%| F|  |TAMS 0x0000000709f00000, 0x0000000709f00000| Untracked 
| 128|0x000000070a000000, 0x000000070a000000, 0x000000070a100000|  0%| F|  |TAMS 0x000000070a000000, 0x000000070a000000| Untracked 
| 129|0x000000070a100000, 0x000000070a100000, 0x000000070a200000|  0%| F|  |TAMS 0x000000070a100000, 0x000000070a100000| Untracked 
| 130|0x000000070a200000, 0x000000070a200000, 0x000000070a300000|  0%| F|  |TAMS 0x000000070a200000, 0x000000070a200000| Untracked 
| 131|0x000000070a300000, 0x000000070a300000, 0x000000070a400000|  0%| F|  |TAMS 0x000000070a300000, 0x000000070a300000| Untracked 
| 132|0x000000070a400000, 0x000000070a400000, 0x000000070a500000|  0%| F|  |TAMS 0x000000070a400000, 0x000000070a400000| Untracked 
| 133|0x000000070a500000, 0x000000070a500000, 0x000000070a600000|  0%| F|  |TAMS 0x000000070a500000, 0x000000070a500000| Untracked 
| 134|0x000000070a600000, 0x000000070a600000, 0x000000070a700000|  0%| F|  |TAMS 0x000000070a600000, 0x000000070a600000| Untracked 
| 135|0x000000070a700000, 0x000000070a700000, 0x000000070a800000|  0%| F|  |TAMS 0x000000070a700000, 0x000000070a700000| Untracked 
| 136|0x000000070a800000, 0x000000070a800000, 0x000000070a900000|  0%| F|  |TAMS 0x000000070a800000, 0x000000070a800000| Untracked 
| 137|0x000000070a900000, 0x000000070a900000, 0x000000070aa00000|  0%| F|  |TAMS 0x000000070a900000, 0x000000070a900000| Untracked 
| 138|0x000000070aa00000, 0x000000070aa00000, 0x000000070ab00000|  0%| F|  |TAMS 0x000000070aa00000, 0x000000070aa00000| Untracked 
| 139|0x000000070ab00000, 0x000000070ab00000, 0x000000070ac00000|  0%| F|  |TAMS 0x000000070ab00000, 0x000000070ab00000| Untracked 
| 140|0x000000070ac00000, 0x000000070ac00000, 0x000000070ad00000|  0%| F|  |TAMS 0x000000070ac00000, 0x000000070ac00000| Untracked 
| 141|0x000000070ad00000, 0x000000070ad00000, 0x000000070ae00000|  0%| F|  |TAMS 0x000000070ad00000, 0x000000070ad00000| Untracked 
| 142|0x000000070ae00000, 0x000000070ae00000, 0x000000070af00000|  0%| F|  |TAMS 0x000000070ae00000, 0x000000070ae00000| Untracked 
| 143|0x000000070af00000, 0x000000070af00000, 0x000000070b000000|  0%| F|  |TAMS 0x000000070af00000, 0x000000070af00000| Untracked 
| 144|0x000000070b000000, 0x000000070b000000, 0x000000070b100000|  0%| F|  |TAMS 0x000000070b000000, 0x000000070b000000| Untracked 
| 145|0x000000070b100000, 0x000000070b100000, 0x000000070b200000|  0%| F|  |TAMS 0x000000070b100000, 0x000000070b100000| Untracked 
| 146|0x000000070b200000, 0x000000070b200000, 0x000000070b300000|  0%| F|  |TAMS 0x000000070b200000, 0x000000070b200000| Untracked 
| 147|0x000000070b300000, 0x000000070b300000, 0x000000070b400000|  0%| F|  |TAMS 0x000000070b300000, 0x000000070b300000| Untracked 
| 148|0x000000070b400000, 0x000000070b400000, 0x000000070b500000|  0%| F|  |TAMS 0x000000070b400000, 0x000000070b400000| Untracked 
| 149|0x000000070b500000, 0x000000070b500000, 0x000000070b600000|  0%| F|  |TAMS 0x000000070b500000, 0x000000070b500000| Untracked 
| 150|0x000000070b600000, 0x000000070b600000, 0x000000070b700000|  0%| F|  |TAMS 0x000000070b600000, 0x000000070b600000| Untracked 
| 151|0x000000070b700000, 0x000000070b700000, 0x000000070b800000|  0%| F|  |TAMS 0x000000070b700000, 0x000000070b700000| Untracked 
| 152|0x000000070b800000, 0x000000070b800000, 0x000000070b900000|  0%| F|  |TAMS 0x000000070b800000, 0x000000070b800000| Untracked 
| 153|0x000000070b900000, 0x000000070b900000, 0x000000070ba00000|  0%| F|  |TAMS 0x000000070b900000, 0x000000070b900000| Untracked 
| 154|0x000000070ba00000, 0x000000070ba00000, 0x000000070bb00000|  0%| F|  |TAMS 0x000000070ba00000, 0x000000070ba00000| Untracked 
| 155|0x000000070bb00000, 0x000000070bb00000, 0x000000070bc00000|  0%| F|  |TAMS 0x000000070bb00000, 0x000000070bb00000| Untracked 
| 156|0x000000070bc00000, 0x000000070bc00000, 0x000000070bd00000|  0%| F|  |TAMS 0x000000070bc00000, 0x000000070bc00000| Untracked 
| 157|0x000000070bd00000, 0x000000070bd00000, 0x000000070be00000|  0%| F|  |TAMS 0x000000070bd00000, 0x000000070bd00000| Untracked 
| 158|0x000000070be00000, 0x000000070be00000, 0x000000070bf00000|  0%| F|  |TAMS 0x000000070be00000, 0x000000070be00000| Untracked 
| 159|0x000000070bf00000, 0x000000070bf00000, 0x000000070c000000|  0%| F|  |TAMS 0x000000070bf00000, 0x000000070bf00000| Untracked 
| 160|0x000000070c000000, 0x000000070c000000, 0x000000070c100000|  0%| F|  |TAMS 0x000000070c000000, 0x000000070c000000| Untracked 
| 161|0x000000070c100000, 0x000000070c100000, 0x000000070c200000|  0%| F|  |TAMS 0x000000070c100000, 0x000000070c100000| Untracked 
| 162|0x000000070c200000, 0x000000070c200000, 0x000000070c300000|  0%| F|  |TAMS 0x000000070c200000, 0x000000070c200000| Untracked 
| 163|0x000000070c300000, 0x000000070c300000, 0x000000070c400000|  0%| F|  |TAMS 0x000000070c300000, 0x000000070c300000| Untracked 
| 164|0x000000070c400000, 0x000000070c400000, 0x000000070c500000|  0%| F|  |TAMS 0x000000070c400000, 0x000000070c400000| Untracked 
| 165|0x000000070c500000, 0x000000070c500000, 0x000000070c600000|  0%| F|  |TAMS 0x000000070c500000, 0x000000070c500000| Untracked 
| 166|0x000000070c600000, 0x000000070c600000, 0x000000070c700000|  0%| F|  |TAMS 0x000000070c600000, 0x000000070c600000| Untracked 
| 167|0x000000070c700000, 0x000000070c700000, 0x000000070c800000|  0%| F|  |TAMS 0x000000070c700000, 0x000000070c700000| Untracked 
| 168|0x000000070c800000, 0x000000070c800000, 0x000000070c900000|  0%| F|  |TAMS 0x000000070c800000, 0x000000070c800000| Untracked 
| 169|0x000000070c900000, 0x000000070c900000, 0x000000070ca00000|  0%| F|  |TAMS 0x000000070c900000, 0x000000070c900000| Untracked 
| 170|0x000000070ca00000, 0x000000070ca00000, 0x000000070cb00000|  0%| F|  |TAMS 0x000000070ca00000, 0x000000070ca00000| Untracked 
| 171|0x000000070cb00000, 0x000000070cb00000, 0x000000070cc00000|  0%| F|  |TAMS 0x000000070cb00000, 0x000000070cb00000| Untracked 
| 172|0x000000070cc00000, 0x000000070cc00000, 0x000000070cd00000|  0%| F|  |TAMS 0x000000070cc00000, 0x000000070cc00000| Untracked 
| 173|0x000000070cd00000, 0x000000070cd00000, 0x000000070ce00000|  0%| F|  |TAMS 0x000000070cd00000, 0x000000070cd00000| Untracked 
| 174|0x000000070ce00000, 0x000000070ce00000, 0x000000070cf00000|  0%| F|  |TAMS 0x000000070ce00000, 0x000000070ce00000| Untracked 
| 175|0x000000070cf00000, 0x000000070cf00000, 0x000000070d000000|  0%| F|  |TAMS 0x000000070cf00000, 0x000000070cf00000| Untracked 
| 176|0x000000070d000000, 0x000000070d000000, 0x000000070d100000|  0%| F|  |TAMS 0x000000070d000000, 0x000000070d000000| Untracked 
| 177|0x000000070d100000, 0x000000070d100000, 0x000000070d200000|  0%| F|  |TAMS 0x000000070d100000, 0x000000070d100000| Untracked 
| 178|0x000000070d200000, 0x000000070d200000, 0x000000070d300000|  0%| F|  |TAMS 0x000000070d200000, 0x000000070d200000| Untracked 
| 179|0x000000070d300000, 0x000000070d300000, 0x000000070d400000|  0%| F|  |TAMS 0x000000070d300000, 0x000000070d300000| Untracked 
| 180|0x000000070d400000, 0x000000070d400000, 0x000000070d500000|  0%| F|  |TAMS 0x000000070d400000, 0x000000070d400000| Untracked 
| 181|0x000000070d500000, 0x000000070d500000, 0x000000070d600000|  0%| F|  |TAMS 0x000000070d500000, 0x000000070d500000| Untracked 
| 182|0x000000070d600000, 0x000000070d600000, 0x000000070d700000|  0%| F|  |TAMS 0x000000070d600000, 0x000000070d600000| Untracked 
| 183|0x000000070d700000, 0x000000070d700000, 0x000000070d800000|  0%| F|  |TAMS 0x000000070d700000, 0x000000070d700000| Untracked 
| 184|0x000000070d800000, 0x000000070d800000, 0x000000070d900000|  0%| F|  |TAMS 0x000000070d800000, 0x000000070d800000| Untracked 
| 185|0x000000070d900000, 0x000000070d900000, 0x000000070da00000|  0%| F|  |TAMS 0x000000070d900000, 0x000000070d900000| Untracked 
| 186|0x000000070da00000, 0x000000070da00000, 0x000000070db00000|  0%| F|  |TAMS 0x000000070da00000, 0x000000070da00000| Untracked 
| 187|0x000000070db00000, 0x000000070db00000, 0x000000070dc00000|  0%| F|  |TAMS 0x000000070db00000, 0x000000070db00000| Untracked 
| 188|0x000000070dc00000, 0x000000070dc00000, 0x000000070dd00000|  0%| F|  |TAMS 0x000000070dc00000, 0x000000070dc00000| Untracked 
| 189|0x000000070dd00000, 0x000000070dd00000, 0x000000070de00000|  0%| F|  |TAMS 0x000000070dd00000, 0x000000070dd00000| Untracked 
| 190|0x000000070de00000, 0x000000070de00000, 0x000000070df00000|  0%| F|  |TAMS 0x000000070de00000, 0x000000070de00000| Untracked 
| 191|0x000000070df00000, 0x000000070df00000, 0x000000070e000000|  0%| F|  |TAMS 0x000000070df00000, 0x000000070df00000| Untracked 
| 192|0x000000070e000000, 0x000000070e000000, 0x000000070e100000|  0%| F|  |TAMS 0x000000070e000000, 0x000000070e000000| Untracked 
| 193|0x000000070e100000, 0x000000070e100000, 0x000000070e200000|  0%| F|  |TAMS 0x000000070e100000, 0x000000070e100000| Untracked 
| 194|0x000000070e200000, 0x000000070e200000, 0x000000070e300000|  0%| F|  |TAMS 0x000000070e200000, 0x000000070e200000| Untracked 
| 195|0x000000070e300000, 0x000000070e300000, 0x000000070e400000|  0%| F|  |TAMS 0x000000070e300000, 0x000000070e300000| Untracked 
| 196|0x000000070e400000, 0x000000070e400000, 0x000000070e500000|  0%| F|  |TAMS 0x000000070e400000, 0x000000070e400000| Untracked 
| 197|0x000000070e500000, 0x000000070e500000, 0x000000070e600000|  0%| F|  |TAMS 0x000000070e500000, 0x000000070e500000| Untracked 
| 198|0x000000070e600000, 0x000000070e600000, 0x000000070e700000|  0%| F|  |TAMS 0x000000070e600000, 0x000000070e600000| Untracked 
| 199|0x000000070e700000, 0x000000070e700000, 0x000000070e800000|  0%| F|  |TAMS 0x000000070e700000, 0x000000070e700000| Untracked 
| 200|0x000000070e800000, 0x000000070e800000, 0x000000070e900000|  0%| F|  |TAMS 0x000000070e800000, 0x000000070e800000| Untracked 
| 201|0x000000070e900000, 0x000000070e900000, 0x000000070ea00000|  0%| F|  |TAMS 0x000000070e900000, 0x000000070e900000| Untracked 
| 202|0x000000070ea00000, 0x000000070ea00000, 0x000000070eb00000|  0%| F|  |TAMS 0x000000070ea00000, 0x000000070ea00000| Untracked 
| 203|0x000000070eb00000, 0x000000070eb00000, 0x000000070ec00000|  0%| F|  |TAMS 0x000000070eb00000, 0x000000070eb00000| Untracked 
| 204|0x000000070ec00000, 0x000000070ec00000, 0x000000070ed00000|  0%| F|  |TAMS 0x000000070ec00000, 0x000000070ec00000| Untracked 
| 205|0x000000070ed00000, 0x000000070ed00000, 0x000000070ee00000|  0%| F|  |TAMS 0x000000070ed00000, 0x000000070ed00000| Untracked 
| 206|0x000000070ee00000, 0x000000070ee00000, 0x000000070ef00000|  0%| F|  |TAMS 0x000000070ee00000, 0x000000070ee00000| Untracked 
| 207|0x000000070ef00000, 0x000000070ef00000, 0x000000070f000000|  0%| F|  |TAMS 0x000000070ef00000, 0x000000070ef00000| Untracked 
| 208|0x000000070f000000, 0x000000070f000000, 0x000000070f100000|  0%| F|  |TAMS 0x000000070f000000, 0x000000070f000000| Untracked 
| 209|0x000000070f100000, 0x000000070f100000, 0x000000070f200000|  0%| F|  |TAMS 0x000000070f100000, 0x000000070f100000| Untracked 
| 210|0x000000070f200000, 0x000000070f200000, 0x000000070f300000|  0%| F|  |TAMS 0x000000070f200000, 0x000000070f200000| Untracked 
| 211|0x000000070f300000, 0x000000070f300000, 0x000000070f400000|  0%| F|  |TAMS 0x000000070f300000, 0x000000070f300000| Untracked 
| 212|0x000000070f400000, 0x000000070f400000, 0x000000070f500000|  0%| F|  |TAMS 0x000000070f400000, 0x000000070f400000| Untracked 
| 213|0x000000070f500000, 0x000000070f500000, 0x000000070f600000|  0%| F|  |TAMS 0x000000070f500000, 0x000000070f500000| Untracked 
| 214|0x000000070f600000, 0x000000070f600000, 0x000000070f700000|  0%| F|  |TAMS 0x000000070f600000, 0x000000070f600000| Untracked 
| 215|0x000000070f700000, 0x000000070f7f6228, 0x000000070f800000| 96%| S|CS|TAMS 0x000000070f700000, 0x000000070f700000| Complete 
| 216|0x000000070f800000, 0x000000070f900000, 0x000000070f900000|100%| S|CS|TAMS 0x000000070f800000, 0x000000070f800000| Complete 
| 217|0x000000070f900000, 0x000000070fa00000, 0x000000070fa00000|100%| S|CS|TAMS 0x000000070f900000, 0x000000070f900000| Complete 
| 218|0x000000070fa00000, 0x000000070fb00000, 0x000000070fb00000|100%| S|CS|TAMS 0x000000070fa00000, 0x000000070fa00000| Complete 
| 219|0x000000070fb00000, 0x000000070fc00000, 0x000000070fc00000|100%| S|CS|TAMS 0x000000070fb00000, 0x000000070fb00000| Complete 
| 220|0x000000070fc00000, 0x000000070fd00000, 0x000000070fd00000|100%| S|CS|TAMS 0x000000070fc00000, 0x000000070fc00000| Complete 
| 221|0x000000070fd00000, 0x000000070fe00000, 0x000000070fe00000|100%| S|CS|TAMS 0x000000070fd00000, 0x000000070fd00000| Complete 
| 222|0x000000070fe00000, 0x000000070ff00000, 0x000000070ff00000|100%| S|CS|TAMS 0x000000070fe00000, 0x000000070fe00000| Complete 
| 223|0x000000070ff00000, 0x0000000710000000, 0x0000000710000000|100%| S|CS|TAMS 0x000000070ff00000, 0x000000070ff00000| Complete 
| 224|0x0000000710000000, 0x0000000710100000, 0x0000000710100000|100%| S|CS|TAMS 0x0000000710000000, 0x0000000710000000| Complete 
| 225|0x0000000710100000, 0x0000000710200000, 0x0000000710200000|100%| S|CS|TAMS 0x0000000710100000, 0x0000000710100000| Complete 
| 226|0x0000000710200000, 0x0000000710300000, 0x0000000710300000|100%| S|CS|TAMS 0x0000000710200000, 0x0000000710200000| Complete 
| 227|0x0000000710300000, 0x0000000710400000, 0x0000000710400000|100%| S|CS|TAMS 0x0000000710300000, 0x0000000710300000| Complete 
| 228|0x0000000710400000, 0x0000000710500000, 0x0000000710500000|100%| S|CS|TAMS 0x0000000710400000, 0x0000000710400000| Complete 
| 229|0x0000000710500000, 0x0000000710600000, 0x0000000710600000|100%| S|CS|TAMS 0x0000000710500000, 0x0000000710500000| Complete 
| 230|0x0000000710600000, 0x0000000710600000, 0x0000000710700000|  0%| F|  |TAMS 0x0000000710600000, 0x0000000710600000| Untracked 
| 231|0x0000000710700000, 0x0000000710700000, 0x0000000710800000|  0%| F|  |TAMS 0x0000000710700000, 0x0000000710700000| Untracked 
| 232|0x0000000710800000, 0x0000000710800000, 0x0000000710900000|  0%| F|  |TAMS 0x0000000710800000, 0x0000000710800000| Untracked 
| 233|0x0000000710900000, 0x0000000710900000, 0x0000000710a00000|  0%| F|  |TAMS 0x0000000710900000, 0x0000000710900000| Untracked 
| 234|0x0000000710a00000, 0x0000000710a00000, 0x0000000710b00000|  0%| F|  |TAMS 0x0000000710a00000, 0x0000000710a00000| Untracked 
| 235|0x0000000710b00000, 0x0000000710b00000, 0x0000000710c00000|  0%| F|  |TAMS 0x0000000710b00000, 0x0000000710b00000| Untracked 
| 236|0x0000000710c00000, 0x0000000710c00000, 0x0000000710d00000|  0%| F|  |TAMS 0x0000000710c00000, 0x0000000710c00000| Untracked 
| 237|0x0000000710d00000, 0x0000000710d00000, 0x0000000710e00000|  0%| F|  |TAMS 0x0000000710d00000, 0x0000000710d00000| Untracked 
| 238|0x0000000710e00000, 0x0000000710e00000, 0x0000000710f00000|  0%| F|  |TAMS 0x0000000710e00000, 0x0000000710e00000| Untracked 
| 239|0x0000000710f00000, 0x0000000710f00000, 0x0000000711000000|  0%| F|  |TAMS 0x0000000710f00000, 0x0000000710f00000| Untracked 
| 240|0x0000000711000000, 0x0000000711000000, 0x0000000711100000|  0%| F|  |TAMS 0x0000000711000000, 0x0000000711000000| Untracked 
| 241|0x0000000711100000, 0x0000000711100000, 0x0000000711200000|  0%| F|  |TAMS 0x0000000711100000, 0x0000000711100000| Untracked 
| 242|0x0000000711200000, 0x0000000711300000, 0x0000000711300000|100%| E|  |TAMS 0x0000000711200000, 0x0000000711200000| Complete 
| 243|0x0000000711300000, 0x0000000711400000, 0x0000000711400000|100%| E|CS|TAMS 0x0000000711300000, 0x0000000711300000| Complete 
| 244|0x0000000711400000, 0x0000000711500000, 0x0000000711500000|100%| E|CS|TAMS 0x0000000711400000, 0x0000000711400000| Complete 
| 245|0x0000000711500000, 0x0000000711600000, 0x0000000711600000|100%| E|CS|TAMS 0x0000000711500000, 0x0000000711500000| Complete 
| 246|0x0000000711600000, 0x0000000711700000, 0x0000000711700000|100%| E|CS|TAMS 0x0000000711600000, 0x0000000711600000| Complete 
| 247|0x0000000711700000, 0x0000000711800000, 0x0000000711800000|100%| E|CS|TAMS 0x0000000711700000, 0x0000000711700000| Complete 
| 248|0x0000000711800000, 0x0000000711900000, 0x0000000711900000|100%| E|CS|TAMS 0x0000000711800000, 0x0000000711800000| Complete 
| 249|0x0000000711900000, 0x0000000711a00000, 0x0000000711a00000|100%| E|CS|TAMS 0x0000000711900000, 0x0000000711900000| Complete 
| 250|0x0000000711a00000, 0x0000000711b00000, 0x0000000711b00000|100%| E|CS|TAMS 0x0000000711a00000, 0x0000000711a00000| Complete 
| 251|0x0000000711b00000, 0x0000000711c00000, 0x0000000711c00000|100%| E|CS|TAMS 0x0000000711b00000, 0x0000000711b00000| Complete 
| 252|0x0000000711c00000, 0x0000000711d00000, 0x0000000711d00000|100%| E|CS|TAMS 0x0000000711c00000, 0x0000000711c00000| Complete 
| 253|0x0000000711d00000, 0x0000000711e00000, 0x0000000711e00000|100%| E|CS|TAMS 0x0000000711d00000, 0x0000000711d00000| Complete 
| 254|0x0000000711e00000, 0x0000000711f00000, 0x0000000711f00000|100%| E|CS|TAMS 0x0000000711e00000, 0x0000000711e00000| Complete 
| 255|0x0000000711f00000, 0x0000000712000000, 0x0000000712000000|100%| E|CS|TAMS 0x0000000711f00000, 0x0000000711f00000| Complete 
| 256|0x0000000712000000, 0x0000000712100000, 0x0000000712100000|100%| E|CS|TAMS 0x0000000712000000, 0x0000000712000000| Complete 
| 257|0x0000000712100000, 0x0000000712200000, 0x0000000712200000|100%| E|CS|TAMS 0x0000000712100000, 0x0000000712100000| Complete 
| 258|0x0000000712200000, 0x0000000712300000, 0x0000000712300000|100%| E|CS|TAMS 0x0000000712200000, 0x0000000712200000| Complete 
| 259|0x0000000712300000, 0x0000000712400000, 0x0000000712400000|100%| E|CS|TAMS 0x0000000712300000, 0x0000000712300000| Complete 
| 260|0x0000000712400000, 0x0000000712500000, 0x0000000712500000|100%| E|CS|TAMS 0x0000000712400000, 0x0000000712400000| Complete 
| 261|0x0000000712500000, 0x0000000712600000, 0x0000000712600000|100%| E|CS|TAMS 0x0000000712500000, 0x0000000712500000| Complete 
| 262|0x0000000712600000, 0x0000000712700000, 0x0000000712700000|100%| E|CS|TAMS 0x0000000712600000, 0x0000000712600000| Complete 
| 263|0x0000000712700000, 0x0000000712800000, 0x0000000712800000|100%| E|CS|TAMS 0x0000000712700000, 0x0000000712700000| Complete 
| 264|0x0000000712800000, 0x0000000712900000, 0x0000000712900000|100%| E|CS|TAMS 0x0000000712800000, 0x0000000712800000| Complete 
| 265|0x0000000712900000, 0x0000000712a00000, 0x0000000712a00000|100%| E|CS|TAMS 0x0000000712900000, 0x0000000712900000| Complete 
| 266|0x0000000712a00000, 0x0000000712b00000, 0x0000000712b00000|100%| E|CS|TAMS 0x0000000712a00000, 0x0000000712a00000| Complete 
| 267|0x0000000712b00000, 0x0000000712c00000, 0x0000000712c00000|100%| E|CS|TAMS 0x0000000712b00000, 0x0000000712b00000| Complete 
| 268|0x0000000712c00000, 0x0000000712d00000, 0x0000000712d00000|100%| E|CS|TAMS 0x0000000712c00000, 0x0000000712c00000| Complete 
| 269|0x0000000712d00000, 0x0000000712e00000, 0x0000000712e00000|100%| E|CS|TAMS 0x0000000712d00000, 0x0000000712d00000| Complete 
| 270|0x0000000712e00000, 0x0000000712f00000, 0x0000000712f00000|100%| E|CS|TAMS 0x0000000712e00000, 0x0000000712e00000| Complete 
| 271|0x0000000712f00000, 0x0000000713000000, 0x0000000713000000|100%| E|CS|TAMS 0x0000000712f00000, 0x0000000712f00000| Complete 
| 272|0x0000000713000000, 0x0000000713100000, 0x0000000713100000|100%| E|CS|TAMS 0x0000000713000000, 0x0000000713000000| Complete 
| 273|0x0000000713100000, 0x0000000713200000, 0x0000000713200000|100%| E|CS|TAMS 0x0000000713100000, 0x0000000713100000| Complete 
| 274|0x0000000713200000, 0x0000000713300000, 0x0000000713300000|100%| E|CS|TAMS 0x0000000713200000, 0x0000000713200000| Complete 
| 275|0x0000000713300000, 0x0000000713400000, 0x0000000713400000|100%| E|CS|TAMS 0x0000000713300000, 0x0000000713300000| Complete 
| 276|0x0000000713400000, 0x0000000713500000, 0x0000000713500000|100%| E|CS|TAMS 0x0000000713400000, 0x0000000713400000| Complete 
| 277|0x0000000713500000, 0x0000000713600000, 0x0000000713600000|100%| E|  |TAMS 0x0000000713500000, 0x0000000713500000| Complete 
| 278|0x0000000713600000, 0x0000000713700000, 0x0000000713700000|100%| E|CS|TAMS 0x0000000713600000, 0x0000000713600000| Complete 
| 279|0x0000000713700000, 0x0000000713800000, 0x0000000713800000|100%| E|CS|TAMS 0x0000000713700000, 0x0000000713700000| Complete 
| 280|0x0000000713800000, 0x0000000713900000, 0x0000000713900000|100%| E|CS|TAMS 0x0000000713800000, 0x0000000713800000| Complete 
| 281|0x0000000713900000, 0x0000000713a00000, 0x0000000713a00000|100%| E|CS|TAMS 0x0000000713900000, 0x0000000713900000| Complete 
| 282|0x0000000713a00000, 0x0000000713b00000, 0x0000000713b00000|100%| E|CS|TAMS 0x0000000713a00000, 0x0000000713a00000| Complete 
| 283|0x0000000713b00000, 0x0000000713c00000, 0x0000000713c00000|100%| E|CS|TAMS 0x0000000713b00000, 0x0000000713b00000| Complete 
| 284|0x0000000713c00000, 0x0000000713d00000, 0x0000000713d00000|100%| E|CS|TAMS 0x0000000713c00000, 0x0000000713c00000| Complete 
| 285|0x0000000713d00000, 0x0000000713e00000, 0x0000000713e00000|100%| E|CS|TAMS 0x0000000713d00000, 0x0000000713d00000| Complete 
| 286|0x0000000713e00000, 0x0000000713f00000, 0x0000000713f00000|100%| E|CS|TAMS 0x0000000713e00000, 0x0000000713e00000| Complete 
| 287|0x0000000713f00000, 0x0000000714000000, 0x0000000714000000|100%| E|CS|TAMS 0x0000000713f00000, 0x0000000713f00000| Complete 
| 288|0x0000000714000000, 0x0000000714100000, 0x0000000714100000|100%| E|CS|TAMS 0x0000000714000000, 0x0000000714000000| Complete 
| 289|0x0000000714100000, 0x0000000714200000, 0x0000000714200000|100%| E|CS|TAMS 0x0000000714100000, 0x0000000714100000| Complete 
| 290|0x0000000714200000, 0x0000000714300000, 0x0000000714300000|100%| E|CS|TAMS 0x0000000714200000, 0x0000000714200000| Complete 
| 291|0x0000000714300000, 0x0000000714400000, 0x0000000714400000|100%| E|CS|TAMS 0x0000000714300000, 0x0000000714300000| Complete 
| 292|0x0000000714400000, 0x0000000714500000, 0x0000000714500000|100%| E|CS|TAMS 0x0000000714400000, 0x0000000714400000| Complete 
| 293|0x0000000714500000, 0x0000000714600000, 0x0000000714600000|100%| E|CS|TAMS 0x0000000714500000, 0x0000000714500000| Complete 
| 294|0x0000000714600000, 0x0000000714700000, 0x0000000714700000|100%| E|CS|TAMS 0x0000000714600000, 0x0000000714600000| Complete 
| 295|0x0000000714700000, 0x0000000714800000, 0x0000000714800000|100%| E|CS|TAMS 0x0000000714700000, 0x0000000714700000| Complete 
| 296|0x0000000714800000, 0x0000000714900000, 0x0000000714900000|100%| E|CS|TAMS 0x0000000714800000, 0x0000000714800000| Complete 
| 297|0x0000000714900000, 0x0000000714a00000, 0x0000000714a00000|100%| E|CS|TAMS 0x0000000714900000, 0x0000000714900000| Complete 
| 298|0x0000000714a00000, 0x0000000714b00000, 0x0000000714b00000|100%| E|CS|TAMS 0x0000000714a00000, 0x0000000714a00000| Complete 
| 299|0x0000000714b00000, 0x0000000714c00000, 0x0000000714c00000|100%| E|CS|TAMS 0x0000000714b00000, 0x0000000714b00000| Complete 
| 300|0x0000000714c00000, 0x0000000714d00000, 0x0000000714d00000|100%| E|CS|TAMS 0x0000000714c00000, 0x0000000714c00000| Complete 
| 301|0x0000000714d00000, 0x0000000714e00000, 0x0000000714e00000|100%| E|CS|TAMS 0x0000000714d00000, 0x0000000714d00000| Complete 
| 302|0x0000000714e00000, 0x0000000714f00000, 0x0000000714f00000|100%| E|CS|TAMS 0x0000000714e00000, 0x0000000714e00000| Complete 
| 303|0x0000000714f00000, 0x0000000715000000, 0x0000000715000000|100%| E|CS|TAMS 0x0000000714f00000, 0x0000000714f00000| Complete 
| 304|0x0000000715000000, 0x0000000715100000, 0x0000000715100000|100%| E|CS|TAMS 0x0000000715000000, 0x0000000715000000| Complete 

Card table byte_map: [0x0000020370490000,0x0000020370c80000] _byte_map_base: 0x000002036cc80000

Marking Bits (Prev, Next): (CMBitMap*) 0x000002035aace700, (CMBitMap*) 0x000002035aace6c8
 Prev Bits: [0x00000203753f0000, 0x0000020379370000)
 Next Bits: [0x0000020371470000, 0x00000203753f0000)

Polling page: 0x000002035c410000

Metaspace:

Usage:
  Non-class:     56.60 MB capacity,    55.73 MB ( 98%) used,   702.76 KB (  1%) free+waste,   181.69 KB ( <1%) overhead. 
      Class:      8.56 MB capacity,     8.01 MB ( 94%) used,   475.56 KB (  5%) free+waste,    83.19 KB ( <1%) overhead. 
       Both:     65.15 MB capacity,    63.74 MB ( 98%) used,     1.15 MB (  2%) free+waste,   264.88 KB ( <1%) overhead. 

Virtual space:
  Non-class space:       58.00 MB reserved,      56.75 MB ( 98%) committed 
      Class space:        1.00 GB reserved,       8.57 MB ( <1%) committed 
             Both:        1.06 GB reserved,      65.32 MB (  6%) committed 

Chunk freelists:
   Non-Class:  30.00 KB
       Class:  5.00 KB
        Both:  35.00 KB

CodeHeap 'non-profiled nmethods': size=120000Kb used=4995Kb max_used=6439Kb free=115004Kb
 bounds [0x0000020367cf0000, 0x0000020368340000, 0x000002036f220000]
CodeHeap 'profiled nmethods': size=120000Kb used=14746Kb max_used=18892Kb free=105253Kb
 bounds [0x00000203607c0000, 0x0000020361a50000, 0x0000020367cf0000]
CodeHeap 'non-nmethods': size=5760Kb used=1341Kb max_used=1372Kb free=4418Kb
 bounds [0x0000020360220000, 0x0000020360490000, 0x00000203607c0000]
 total_blobs=9611 nmethods=5850 adapters=553
 compilation: enabled
              stopped_count=0, restarted_count=0
 full_count=0

Compilation events (10 events):
Event: 85114.858 Thread 0x000002037c79a800 7107       3       java.lang.Long::getChars (208 bytes)
Event: 85114.859 Thread 0x000002037c79a800 nmethod 7107 0x00000203607d2310 code [0x00000203607d2520, 0x00000203607d2bb8]
Event: 85159.435 Thread 0x000002037c79a800 7108       3       sun.util.calendar.BaseCalendar::getCalendarDateFromFixedDate (305 bytes)
Event: 85159.437 Thread 0x000002037c79a800 nmethod 7108 0x000002036081ed90 code [0x000002036081f040, 0x00000203608209b0]
Event: 85469.065 Thread 0x000002037c79a800 7109       3       java.lang.StringBuilder::append (8 bytes)
Event: 85469.066 Thread 0x000002037c79a800 nmethod 7109 0x00000203607c6610 code [0x00000203607c67c0, 0x00000203607c6990]
Event: 85469.066 Thread 0x000002037c79a800 7110       3       java.lang.AbstractStringBuilder::append (60 bytes)
Event: 85469.066 Thread 0x000002037c79a800 nmethod 7110 0x00000203607d7f10 code [0x00000203607d8100, 0x00000203607d84c0]
Event: 88571.934 Thread 0x000002037c79a800 7111       3       sun.util.calendar.ZoneInfo::getOffsets (8 bytes)
Event: 88571.935 Thread 0x000002037c79a800 nmethod 7111 0x00000203607c8d10 code [0x00000203607c8ec0, 0x00000203607c9090]

GC Heap History (10 events):
Event: 4.196 GC heap before
{Heap before GC invocations=5 (full 0):
 garbage-first heap   total 260096K, used 130041K [0x0000000702000000, 0x0000000800000000)
  region size 1024K, 118 young (120832K), 9 survivors (9216K)
 Metaspace       used 34881K, capacity 35737K, committed 35840K, reserved 1081344K
  class space    used 4332K, capacity 4695K, committed 4736K, reserved 1048576K
}
Event: 4.208 GC heap after
{Heap after GC invocations=6 (full 0):
 garbage-first heap   total 260096K, used 25012K [0x0000000702000000, 0x0000000800000000)
  region size 1024K, 15 young (15360K), 15 survivors (15360K)
 Metaspace       used 34881K, capacity 35737K, committed 35840K, reserved 1081344K
  class space    used 4332K, capacity 4695K, committed 4736K, reserved 1048576K
}
Event: 4.493 GC heap before
{Heap before GC invocations=7 (full 0):
 garbage-first heap   total 260096K, used 162228K [0x0000000702000000, 0x0000000800000000)
  region size 1024K, 149 young (152576K), 15 survivors (15360K)
 Metaspace       used 37490K, capacity 38428K, committed 38528K, reserved 1083392K
  class space    used 4599K, capacity 4965K, committed 4992K, reserved 1048576K
}
Event: 4.500 GC heap after
{Heap after GC invocations=8 (full 0):
 garbage-first heap   total 260096K, used 26970K [0x0000000702000000, 0x0000000800000000)
  region size 1024K, 12 young (12288K), 12 survivors (12288K)
 Metaspace       used 37490K, capacity 38428K, committed 38528K, reserved 1083392K
  class space    used 4599K, capacity 4965K, committed 4992K, reserved 1048576K
}
Event: 5.323 GC heap before
{Heap before GC invocations=8 (full 0):
 garbage-first heap   total 260096K, used 170330K [0x0000000702000000, 0x0000000800000000)
  region size 1024K, 152 young (155648K), 12 survivors (12288K)
 Metaspace       used 42808K, capacity 43874K, committed 43904K, reserved 1087488K
  class space    used 5335K, capacity 5750K, committed 5760K, reserved 1048576K
}
Event: 5.330 GC heap after
{Heap after GC invocations=9 (full 0):
 garbage-first heap   total 312320K, used 32561K [0x0000000702000000, 0x0000000800000000)
  region size 1024K, 14 young (14336K), 14 survivors (14336K)
 Metaspace       used 42808K, capacity 43874K, committed 43904K, reserved 1087488K
  class space    used 5335K, capacity 5750K, committed 5760K, reserved 1048576K
}
Event: 7.983 GC heap before
{Heap before GC invocations=9 (full 0):
 garbage-first heap   total 312320K, used 205617K [0x0000000702000000, 0x0000000800000000)
  region size 1024K, 183 young (187392K), 14 survivors (14336K)
 Metaspace       used 50432K, capacity 51742K, committed 51968K, reserved 1093632K
  class space    used 6339K, capacity 6850K, committed 6912K, reserved 1048576K
}
Event: 7.990 GC heap after
{Heap after GC invocations=10 (full 0):
 garbage-first heap   total 312320K, used 35481K [0x0000000702000000, 0x0000000800000000)
  region size 1024K, 13 young (13312K), 13 survivors (13312K)
 Metaspace       used 50432K, capacity 51742K, committed 51968K, reserved 1093632K
  class space    used 6339K, capacity 6850K, committed 6912K, reserved 1048576K
}
Event: 9.150 GC heap before
{Heap before GC invocations=10 (full 0):
 garbage-first heap   total 312320K, used 110233K [0x0000000702000000, 0x0000000800000000)
  region size 1024K, 88 young (90112K), 13 survivors (13312K)
 Metaspace       used 58747K, capacity 60107K, committed 60160K, reserved 1101824K
  class space    used 7467K, capacity 8034K, committed 8064K, reserved 1048576K
}
Event: 9.157 GC heap after
{Heap after GC invocations=11 (full 0):
 garbage-first heap   total 312320K, used 38156K [0x0000000702000000, 0x0000000800000000)
  region size 1024K, 15 young (15360K), 15 survivors (15360K)
 Metaspace       used 58747K, capacity 60107K, committed 60160K, reserved 1101824K
  class space    used 7467K, capacity 8034K, committed 8064K, reserved 1048576K
}

Deoptimization events (10 events):
Event: 10.200 Thread 0x000002035c362800 DEOPT PACKING pc=0x0000020360b01014 sp=0x000000ee69bfd900
Event: 10.200 Thread 0x000002035c362800 DEOPT UNPACKING pc=0x000002036025d74e sp=0x000000ee69bfcdd0 mode 1
Event: 197.601 Thread 0x000002037cb0b800 Uncommon trap: trap_request=0xffffff4d fr.pc=0x0000020367f0d908 relative=0x00000000000003c8
Event: 197.601 Thread 0x000002037cb0b800 Uncommon trap: reason=unstable_if action=reinterpret pc=0x0000020367f0d908 method=sun.instrument.InstrumentationImpl.transform(Ljava/lang/Module;Ljava/lang/ClassLoader;Ljava/lang/String;Ljava/lang/Class;Ljava/security/ProtectionDomain;[BZ)[B @ 24 c2
Event: 197.601 Thread 0x000002037cb0b800 DEOPT PACKING pc=0x0000020367f0d908 sp=0x000000ee6aafdd80
Event: 197.601 Thread 0x000002037cb0b800 DEOPT UNPACKING pc=0x000002036025d92f sp=0x000000ee6aafdde8 mode 2
Event: 197.601 Thread 0x000002037cb0b800 Uncommon trap: trap_request=0xffffff4d fr.pc=0x0000020367f20374 relative=0x0000000000000934
Event: 197.601 Thread 0x000002037cb0b800 Uncommon trap: reason=unstable_if action=reinterpret pc=0x0000020367f20374 method=com.intellij.rt.debugger.agent.CaptureAgent$CaptureTransformer.transform(Ljava/lang/ClassLoader;Ljava/lang/String;Ljava/lang/Class;Ljava/security/ProtectionDomain;[B)[B @ 5 
Event: 197.601 Thread 0x000002037cb0b800 DEOPT PACKING pc=0x0000020367f20374 sp=0x000000ee6aafdc00
Event: 197.601 Thread 0x000002037cb0b800 DEOPT UNPACKING pc=0x000002036025d92f sp=0x000000ee6aafdba0 mode 2

Classes redefined (10 events):
Event: 85114.809 Thread 0x000002037bee7800 redefined class name=com.smartindustry.outbound.controller.PickManageControllerTest, count=16
Event: 85159.390 Thread 0x000002037bee7800 redefined class name=com.smartindustry.outbound.controller.PickManageControllerTest, count=17
Event: 85364.083 Thread 0x000002037bee7800 redefined class name=com.smartindustry.outbound.controller.PickManageControllerTest, count=18
Event: 85469.023 Thread 0x000002037bee7800 redefined class name=com.smartindustry.outbound.controller.PickManageControllerTest, count=19
Event: 85518.650 Thread 0x000002037bee7800 redefined class name=com.smartindustry.outbound.controller.PickManageControllerTest, count=20
Event: 85565.594 Thread 0x000002037bee7800 redefined class name=com.smartindustry.outbound.controller.PickManageControllerTest, count=21
Event: 85967.218 Thread 0x000002037bee7800 redefined class name=com.smartindustry.outbound.controller.PickManageControllerTest, count=22
Event: 86083.900 Thread 0x000002037bee7800 redefined class name=com.smartindustry.outbound.controller.PickManageControllerTest, count=23
Event: 86182.957 Thread 0x000002037bee7800 redefined class name=com.smartindustry.outbound.controller.PickManageControllerTest, count=24
Event: 86321.777 Thread 0x000002037bee7800 redefined class name=com.smartindustry.outbound.controller.PickManageControllerTest, count=25

Internal exceptions (10 events):
Event: 8.233 Thread 0x000002035c362800 Exception <a 'java/lang/ClassNotFoundException'{0x0000000712c36c58}: org/springframework/web/servlet/support/AbstractFlashMapManagerCustomizer> (0x0000000712c36c58) thrown at [c:/BuildAgent/work/5ff2f6c26000d570/src/hotspot/share/classfile/systemDictionar
Event: 8.233 Thread 0x000002035c362800 Exception <a 'java/lang/ClassNotFoundException'{0x0000000712c55050}: org/springframework/web/servlet/support/SessionFlashMapManagerCustomizer> (0x0000000712c55050) thrown at [c:/BuildAgent/work/5ff2f6c26000d570/src/hotspot/share/classfile/systemDictionary
Event: 8.234 Thread 0x000002035c362800 Exception <a 'java/lang/ClassNotFoundException'{0x0000000712c6e000}: org/springframework/web/servlet/FlashMapManagerCustomizer> (0x0000000712c6e000) thrown at [c:/BuildAgent/work/5ff2f6c26000d570/src/hotspot/share/classfile/systemDictionary.cpp, line 231]
Event: 8.566 Thread 0x000002035c362800 Exception <a 'java/lang/NoSuchMethodError'{0x000000071096caf8}: 'int java.lang.invoke.DirectMethodHandle$Holder.invokeStaticInit(java.lang.Object, java.lang.Object, java.lang.Object, java.lang.Object)'> (0x000000071096caf8) thrown at [c:/BuildAgent/work/5
Event: 8.570 Thread 0x000002035c362800 Exception <a 'java/lang/NoSuchMethodError'{0x00000007109b3e28}: 'java.lang.Object java.lang.invoke.DirectMethodHandle$Holder.invokeStatic(java.lang.Object, int, int, int, int)'> (0x00000007109b3e28) thrown at [c:/BuildAgent/work/5ff2f6c26000d570/src/hotsp
Event: 8.570 Thread 0x000002035c362800 Exception <a 'java/lang/NoSuchMethodError'{0x00000007109b79f0}: 'java.lang.Object java.lang.invoke.DirectMethodHandle$Holder.invokeStaticInit(java.lang.Object, int, int, int, int)'> (0x00000007109b79f0) thrown at [c:/BuildAgent/work/5ff2f6c26000d570/src/h
Event: 8.571 Thread 0x000002035c362800 Exception <a 'sun/nio/fs/WindowsException'{0x00000007109bfeb0}> (0x00000007109bfeb0) thrown at [c:/BuildAgent/work/5ff2f6c26000d570/src/hotspot/share/prims/jni.cpp, line 615]
Event: 9.142 Thread 0x000002035c362800 Exception <a 'java/lang/NoSuchMethodError'{0x00000007106788e8}: 'java.lang.Object java.lang.invoke.DirectMethodHandle$Holder.invokeStatic(java.lang.Object, java.lang.Object, int, int, int, int)'> (0x00000007106788e8) thrown at [c:/BuildAgent/work/5ff2f6c2
Event: 9.143 Thread 0x000002035c362800 Exception <a 'java/lang/NoSuchMethodError'{0x000000071067c438}: 'java.lang.Object java.lang.invoke.DirectMethodHandle$Holder.invokeStaticInit(java.lang.Object, java.lang.Object, int, int, int, int)'> (0x000000071067c438) thrown at [c:/BuildAgent/work/5ff2
Event: 10.109 Thread 0x000002035c362800 Exception <a 'java/lang/NoSuchMethodError'{0x0000000711d661a8}: 'java.lang.Object java.lang.invoke.DirectMethodHandle$Holder.invokeStaticInit(java.lang.Object, java.lang.Object, java.lang.Object, java.lang.Object)'> (0x0000000711d661a8) thrown at [c:/Buil

Events (10 events):
Event: 90290.858 Executing VM operation: ChangeBreakpoints done
Event: 90290.865 Executing VM operation: GetFrameCount
Event: 90290.865 Executing VM operation: GetFrameCount done
Event: 90290.866 Executing VM operation: GetFrameCount
Event: 90290.866 Executing VM operation: GetFrameCount done
Event: 90290.866 Executing VM operation: GetStackTrace
Event: 90290.866 Executing VM operation: GetStackTrace done
Event: 90290.866 Executing VM operation: GetFrameLocation
Event: 90290.866 Executing VM operation: GetFrameLocation done
Event: 90290.867 Executing VM operation: GetOrSetLocal


Dynamic libraries:
0x00007ff71a200000 - 0x00007ff71a247000 	C:\Users\DNY-029\AppData\Local\JetBrains\IntelliJ IDEA 2019.2.3\jbr\bin\java.exe
0x00007ff8756e0000 - 0x00007ff8758cd000 	C:\windows\SYSTEM32\ntdll.dll
0x00007ff874900000 - 0x00007ff8749b3000 	C:\windows\System32\KERNEL32.DLL
0x00007ff872420000 - 0x00007ff8726b5000 	C:\windows\System32\KERNELBASE.dll
0x00007ff874e80000 - 0x00007ff875017000 	C:\windows\System32\USER32.dll
0x00007ff8727c0000 - 0x00007ff8727e0000 	C:\windows\System32\win32u.dll
0x00007ff875580000 - 0x00007ff8755a9000 	C:\windows\System32\GDI32.dll
0x00007ff872050000 - 0x00007ff8721e9000 	C:\windows\System32\gdi32full.dll
0x00007ff8727e0000 - 0x00007ff872880000 	C:\windows\System32\msvcp_win.dll
0x00007ff8726c0000 - 0x00007ff8727ba000 	C:\windows\System32\ucrtbase.dll
0x00007ff85f940000 - 0x00007ff85fbb9000 	C:\windows\WinSxS\amd64_microsoft.windows.common-controls_6595b64144ccf1df_6.0.17763.1217_none_de6e4304534e0ad3\COMCTL32.dll
0x00007ff874d70000 - 0x00007ff874e0e000 	C:\windows\System32\msvcrt.dll
0x00007ff8745d0000 - 0x00007ff8748fc000 	C:\windows\System32\combase.dll
0x00007ff874320000 - 0x00007ff874442000 	C:\windows\System32\RPCRT4.dll
0x00007ff872880000 - 0x00007ff8728fe000 	C:\windows\System32\bcryptPrimitives.dll
0x00007ff8755b0000 - 0x00007ff8755de000 	C:\windows\System32\IMM32.DLL
0x00007ff8451e0000 - 0x00007ff8451f7000 	C:\Users\DNY-029\AppData\Local\JetBrains\IntelliJ IDEA 2019.2.3\jbr\bin\vcruntime140.dll
0x00007ff836c10000 - 0x00007ff836cad000 	C:\Users\DNY-029\AppData\Local\JetBrains\IntelliJ IDEA 2019.2.3\jbr\bin\msvcp140.dll
0x00007ff835620000 - 0x00007ff8360d8000 	C:\Users\DNY-029\AppData\Local\JetBrains\IntelliJ IDEA 2019.2.3\jbr\bin\server\jvm.dll
0x00007ff874460000 - 0x00007ff874503000 	C:\windows\System32\ADVAPI32.dll
0x00007ff874280000 - 0x00007ff87431e000 	C:\windows\System32\sechost.dll
0x00007ff8755e0000 - 0x00007ff8755e8000 	C:\windows\System32\PSAPI.DLL
0x00007ff8613f0000 - 0x00007ff8613f9000 	C:\windows\SYSTEM32\WSOCK32.dll
0x00007ff86e470000 - 0x00007ff86e494000 	C:\windows\SYSTEM32\WINMM.dll
0x00007ff86c920000 - 0x00007ff86c92a000 	C:\windows\SYSTEM32\VERSION.dll
0x00007ff874e10000 - 0x00007ff874e7d000 	C:\windows\System32\WS2_32.dll
0x00007ff86e440000 - 0x00007ff86e46d000 	C:\windows\SYSTEM32\WINMMBASE.dll
0x00007ff8721f0000 - 0x00007ff87223a000 	C:\windows\System32\cfgmgr32.dll
0x00007ff871780000 - 0x00007ff871791000 	C:\windows\System32\kernel.appcore.dll
0x00007ff851b10000 - 0x00007ff851b21000 	C:\Users\DNY-029\AppData\Local\JetBrains\IntelliJ IDEA 2019.2.3\jbr\bin\verify.dll
0x00007ff8515e0000 - 0x00007ff8517cd000 	C:\windows\SYSTEM32\DBGHELP.DLL
0x00007ff8515b0000 - 0x00007ff8515da000 	C:\windows\SYSTEM32\dbgcore.DLL
0x00007ff83d5f0000 - 0x00007ff83d619000 	C:\Users\DNY-029\AppData\Local\JetBrains\IntelliJ IDEA 2019.2.3\jbr\bin\java.dll
0x00007ff8625d0000 - 0x00007ff862608000 	C:\Users\DNY-029\AppData\Local\JetBrains\IntelliJ IDEA 2019.2.3\jbr\bin\jdwp.dll
0x00007ff8355e0000 - 0x00007ff835614000 	C:\Users\DNY-029\AppData\Local\JetBrains\IntelliJ IDEA 2019.2.3\jbr\bin\instrument.dll
0x00007ff83a950000 - 0x00007ff83a967000 	C:\Users\DNY-029\AppData\Local\JetBrains\IntelliJ IDEA 2019.2.3\jbr\bin\zip.dll
0x00007ff85e540000 - 0x00007ff85e54b000 	C:\Users\DNY-029\AppData\Local\JetBrains\IntelliJ IDEA 2019.2.3\jbr\bin\jimage.dll
0x00007ff872d80000 - 0x00007ff874274000 	C:\windows\System32\SHELL32.dll
0x00007ff874520000 - 0x00007ff8745c8000 	C:\windows\System32\shcore.dll
0x00007ff871900000 - 0x00007ff87204e000 	C:\windows\System32\windows.storage.dll
0x00007ff8716d0000 - 0x00007ff8716f4000 	C:\windows\System32\profapi.dll
0x00007ff871700000 - 0x00007ff87175d000 	C:\windows\System32\powrprof.dll
0x00007ff875650000 - 0x00007ff8756a2000 	C:\windows\System32\shlwapi.dll
0x00007ff871850000 - 0x00007ff871867000 	C:\windows\System32\cryptsp.dll
0x00007ff86e4f0000 - 0x00007ff86e4fb000 	C:\Users\DNY-029\AppData\Local\JetBrains\IntelliJ IDEA 2019.2.3\jbr\bin\dt_socket.dll
0x00007ff870f40000 - 0x00007ff870fa7000 	C:\windows\system32\mswsock.dll
0x00007ff839d60000 - 0x00007ff839d7a000 	C:\Users\DNY-029\AppData\Local\JetBrains\IntelliJ IDEA 2019.2.3\jbr\bin\net.dll
0x00007ff8640f0000 - 0x00007ff8642c7000 	C:\windows\SYSTEM32\urlmon.dll
0x00007ff868d20000 - 0x00007ff868e12000 	C:\windows\SYSTEM32\WINHTTP.dll
0x00007ff862950000 - 0x00007ff862bf8000 	C:\windows\SYSTEM32\iertutil.dll
0x00007ff871110000 - 0x00007ff87111c000 	C:\windows\SYSTEM32\CRYPTBASE.DLL
0x00007ff8399b0000 - 0x00007ff8399c4000 	C:\Users\DNY-029\AppData\Local\JetBrains\IntelliJ IDEA 2019.2.3\jbr\bin\nio.dll
0x00007ff870c60000 - 0x00007ff870c9d000 	C:\windows\SYSTEM32\IPHLPAPI.DLL
0x00007ff874510000 - 0x00007ff874518000 	C:\windows\System32\NSI.dll
0x00007ff868d00000 - 0x00007ff868d16000 	C:\windows\SYSTEM32\dhcpcsvc6.DLL
0x00007ff868ce0000 - 0x00007ff868cfc000 	C:\windows\SYSTEM32\dhcpcsvc.DLL
0x00007ff870ca0000 - 0x00007ff870d67000 	C:\windows\SYSTEM32\DNSAPI.dll
0x00007ff85e5f0000 - 0x00007ff85e5fa000 	C:\Users\DNY-029\AppData\Local\JetBrains\IntelliJ IDEA 2019.2.3\jbr\bin\management.dll
0x00007ff85e5e0000 - 0x00007ff85e5ec000 	C:\Users\DNY-029\AppData\Local\JetBrains\IntelliJ IDEA 2019.2.3\jbr\bin\management_ext.dll
0x00007ff867ec0000 - 0x00007ff867eca000 	C:\Windows\System32\rasadhlp.dll
0x00007ff865000000 - 0x00007ff865079000 	C:\windows\System32\fwpuclnt.dll
0x00007ff871870000 - 0x00007ff871896000 	C:\windows\System32\bcrypt.dll
0x00007ff849bb0000 - 0x00007ff849bc6000 	C:\windows\system32\napinsp.dll
0x00007ff849900000 - 0x00007ff84991a000 	C:\windows\system32\pnrpnsp.dll
0x00007ff84fe70000 - 0x00007ff84fe7e000 	C:\windows\System32\winrnr.dll
0x00007ff86e110000 - 0x00007ff86e12b000 	C:\windows\system32\NLAapi.dll
0x00007ff86bc20000 - 0x00007ff86bc35000 	C:\windows\system32\wshbth.dll
0x00007ff8355b0000 - 0x00007ff8355d8000 	C:\Users\DNY-029\AppData\Local\JetBrains\IntelliJ IDEA 2019.2.3\jbr\bin\sunec.dll
0x00007ff870ac0000 - 0x00007ff870af3000 	C:\windows\system32\rsaenh.dll
0x00007ff871600000 - 0x00007ff871628000 	C:\windows\SYSTEM32\USERENV.dll

dbghelp: loaded successfully - version: 4.0.5 - missing functions: none
symbol engine: initialized successfully - sym options: 0x614 - pdb path: .;C:\Users\DNY-029\AppData\Local\JetBrains\IntelliJ IDEA 2019.2.3\jbr\bin;C:\windows\SYSTEM32;C:\windows\WinSxS\amd64_microsoft.windows.common-controls_6595b64144ccf1df_6.0.17763.1217_none_de6e4304534e0ad3;C:\Users\DNY-029\AppData\Local\JetBrains\IntelliJ IDEA 2019.2.3\jbr\bin\server

VM Arguments:
jvm_args: -agentlib:jdwp=transport=dt_socket,address=127.0.0.1:58419,suspend=y,server=n -ea -Didea.test.cyclic.buffer.size=1048576 -javaagent:C:\Users\DNY-029\.IntelliJIdea2019.2\system\captureAgent\debugger-agent.jar -Dfile.encoding=UTF-8 
java_command: com.intellij.rt.execution.junit.JUnitStarter -ideVersion5 -junit4 com.smartindustry.outbound.controller.PickManageControllerTest,materialLoss
java_class_path (initial): C:\Users\DNY-029\AppData\Local\JetBrains\IntelliJ IDEA 2019.2.3\lib\idea_rt.jar;C:\Users\DNY-029\AppData\Local\JetBrains\IntelliJ IDEA 2019.2.3\plugins\junit\lib\junit-rt.jar;C:\Users\DNY-029\AppData\Local\JetBrains\IntelliJ IDEA 2019.2.3\plugins\junit\lib\junit5-rt.jar;C:\Users\DNY-029\Desktop\smartindustry\outboundmanage\target\test-classes;C:\Users\DNY-029\Desktop\smartindustry\outboundmanage\target\classes;C:\Users\DNY-029\.m2\repository\org\springframework\cloud\spring-cloud-starter-netflix-eureka-client\2.1.4.RELEASE\spring-cloud-starter-netflix-eureka-client-2.1.4.RELEASE.jar;C:\Users\DNY-029\.m2\repository\org\springframework\cloud\spring-cloud-starter\2.1.4.RELEASE\spring-cloud-starter-2.1.4.RELEASE.jar;C:\Users\DNY-029\.m2\repository\org\springframework\cloud\spring-cloud-context\2.1.4.RELEASE\spring-cloud-context-2.1.4.RELEASE.jar;C:\Users\DNY-029\.m2\repository\org\springframework\security\spring-security-crypto\5.1.3.RELEASE\spring-security-crypto-5.1.3.RELEASE.jar;C:\Users\DNY-029\.m2\repository\org\springframework\cloud\spring-cloud-commons\2.1.4.RELEASE\spring-cloud-commons-2.1.4.RELEASE.jar;C:\Users\DNY-029\.m2\repository\org\springframework\security\spring-security-rsa\1.0.7.RELEASE\spring-security-rsa-1.0.7.RELEASE.jar;C:\Users\DNY-029\.m2\repository\org\bouncycastle\bcpkix-jdk15on\1.60\bcpkix-jdk15on-1.60.jar;C:\Users\DNY-029\.m2\repository\org\bouncycastle\bcprov-jdk15on\1.60\bcprov-jdk15on-1.60.jar;C:\Users\DNY-029\.m2\repository\org\springframework\cloud\spring-cloud-netflix-hystrix\2.1.4.RELEASE\spring-cloud-netflix-hystrix-2.1.4.RELEASE.jar;C:\Users\DNY-029\.m2\repository\org\springframework\boot\spring-boot-starter-aop\2.1.2.RELEASE\spring-boot-starter-aop-2.1.2.RELEASE.jar;C:\Users\DNY-029\.m2\repository\org\aspectj\aspectjweaver\1.9.2\aspectjweaver-1.9.2.jar;C:\Users\DNY-029\.m2\repository\org\springframework\cloud\spring-cloud-netflix-eureka-client\2.1.4.RELEASE\spring-cloud-netflix-eureka-client-2.1.4.RELEAS
Launcher Type: SUN_STANDARD

[Global flags]
     intx CICompilerCount                          = 4                                         {product} {ergonomic}
     uint ConcGCThreads                            = 2                                         {product} {ergonomic}
     uint G1ConcRefinementThreads                  = 8                                         {product} {ergonomic}
   size_t G1HeapRegionSize                         = 1048576                                   {product} {ergonomic}
    uintx GCDrainStackTargetSize                   = 64                                        {product} {ergonomic}
   size_t InitialHeapSize                          = 266338304                                 {product} {ergonomic}
   size_t MarkStackSize                            = 4194304                                   {product} {ergonomic}
   size_t MaxHeapSize                              = 4261412864                                {product} {ergonomic}
   size_t MaxNewSize                               = 2556428288                                {product} {ergonomic}
   size_t MinHeapDeltaBytes                        = 1048576                                   {product} {ergonomic}
    uintx NonNMethodCodeHeapSize                   = 5835340                                {pd product} {ergonomic}
    uintx NonProfiledCodeHeapSize                  = 122911450                              {pd product} {ergonomic}
    uintx ProfiledCodeHeapSize                     = 122911450                              {pd product} {ergonomic}
    uintx ReservedCodeCacheSize                    = 251658240                              {pd product} {ergonomic}
     bool SegmentedCodeCache                       = true                                      {product} {ergonomic}
     bool UseCompressedClassPointers               = true                                 {lp64_product} {ergonomic}
     bool UseCompressedOops                        = true                                 {lp64_product} {ergonomic}
     bool UseG1GC                                  = true                                      {product} {ergonomic}
     bool UseLargePagesIndividualAllocation        = false                                  {pd product} {ergonomic}

Logging:
Log output configuration:
 #0: stdout all=warning uptime,level,tags
 #1: stderr all=off uptime,level,tags

Environment Variables:
JAVA_HOME=D:\Java\jdk1.8.0_151
PATH=D:\Xshell 6\;C:\ProgramData\Oracle\Java\javapath;C:\windows\system32;C:\windows;C:\windows\System32\Wbem;C:\windows\System32\WindowsPowerShell\v1.0\;C:\windows\System32\OpenSSH\;C:\Program Files\NVIDIA Corporation\NVIDIA NGX;C:\Program Files (x86)\NVIDIA Corporation\PhysX\Common;C:\Program Files\NVIDIA Corporation\NVIDIA NvDLISR;C:\Program Files\nodejs\;D:\platformtools\platformtools\platform-tools;C:\Users\DNY-029\AppData\Local\Microsoft\WindowsApps;D:\Java\jdk1.8.0_151\bin;D:\Java\jdk1.8.0_151\jre\bin;C:\Users\DNY-029\AppData\Roaming\npm;D:\Fiddler;C:\adb;C:\Program Files\Common Files\Autodesk Shared\;D:\Git\cmd;C:\Users\DNY-029\AppData\Local\Microsoft\WindowsApps;D:\Java\jdk1.8.0_151\bin;D:\Java\jdk1.8.0_151\jre\bin;C:\Users\DNY-029\AppData\Roaming\npm;D:\Fiddler
USERNAME=DNY-029
OS=Windows_NT
PROCESSOR_IDENTIFIER=Intel64 Family 6 Model 158 Stepping 13, GenuineIntel



---------------  S Y S T E M  ---------------

OS: Windows 10 , 64 bit Build 17763 (10.0.17763.1158)

CPU:total 8 (initial active 8) (8 cores per cpu, 1 threads per core) family 6 model 158 stepping 13, cmov, cx8, fxsr, mmx, sse, sse2, sse3, ssse3, sse4.1, sse4.2, popcnt, avx, avx2, aes, clmul, erms, rtm, 3dnowpref, lzcnt, tsc, tscinvbit, bmi1, bmi2, adx, fma

Memory: 4k page, system-wide physical 16249M (6586M free)
TotalPageFile size 22826M (AvailPageFile size 3163M)
current process WorkingSet (physical memory assigned to process): 47M, peak: 515M
current process commit charge ("private bytes"): 547M, peak: 622M

vm_info: OpenJDK 64-Bit Server VM (11.0.4+10-b304.69) for windows-amd64 JRE (11.0.4+10-b304.69), built on Sep  9 2019 11:39:50 by "" with MS VC++ 14.0 (VS2015)

END.
